#
# A fatal error has been detected by the Java Runtime Environment:
#
#  Internal Error (t:/workspace/hotspot/src/share/vm/interpreter/oopMapCache.cpp:105), pid=23308, tid=4984
#  Error: ShouldNotReachHere()
#
# JRE version: Java(TM) SE Runtime Environment (9.0+11) (build 9.0.1+11)
# Java VM: Java HotSpot(TM) 64-Bit Server VM (9.0.1+11, mixed mode, tiered, compressed oops, g1 gc, windows-amd64)
# No core dump will be written. Minidumps are not enabled by default on client versions of Windows
#
# If you would like to submit a bug report, please visit:
#   http://bugreport.java.com/bugreport/crash.jsp
#

---------------  S U M M A R Y ------------

Command Line: -agentlib:jdwp=transport=dt_socket,address=127.0.0.1:51557,suspend=y,server=n -ea -Didea.test.cyclic.buffer.size=1048576 -javaagent:C:\Users\bhans\.IdeaIC2017.3\system\captureAgent\debugger-agent.jar=C:\Users\bhans\AppData\Local\Temp\capture1129.props -Dfile.encoding=UTF-8 com.intellij.rt.execution.junit.JUnitStarter -ideVersion5 -junit4 edu.gatech.seclass.encode.MainTest,mainTest1

Host: Intel(R) Core(TM) i5-6200U CPU @ 2.30GHz, 4 cores, 7G,  Windows 10 , 64 bit Build 17134 (10.0.17134.1)
Time: Mon Jul 16 21:52:00 2018 Eastern Daylight Time elapsed time: 1850 seconds (0d 0h 30m 50s)

---------------  T H R E A D  ---------------

Current thread (0x000002973b1d4000):  VMThread "VM Thread" [stack: 0x000000fff5e00000,0x000000fff5f00000] [id=4984]

Stack: [0x000000fff5e00000,0x000000fff5f00000]
[error occurred during error reporting (printing stack bounds), id 0xe0000000]

Native frames: (J=compiled Java code, j=interpreted, Vv=VM code, C=native code)
V  [jvm.dll+0x5870b8]
V  [jvm.dll+0x69c0ee]
V  [jvm.dll+0x69d00a]
V  [jvm.dll+0x69cb95]
V  [jvm.dll+0x69d5ab]
V  [jvm.dll+0x586916]
V  [jvm.dll+0x586ce8]
C  [ntdll.dll+0x9eced]
C  [ntdll.dll+0x6c86]
C  [ntdll.dll+0x9dc1e]
C  0x0000029723f50e2a

VM_Operation (0x000000fff68ff5d0): GetOrSetLocal, mode: safepoint, requested by thread 0x000002973b5cb000


---------------  P R O C E S S  ---------------

Java Threads: ( => current thread )
  0x000002973b62c000 JavaThread "Service Thread" daemon [_thread_blocked, id=10580, stack(0x000000fff6b00000,0x000000fff6c00000)]
  0x000002973b5ce800 JavaThread "JDWP Command Reader" daemon [_thread_in_native, id=6468, stack(0x000000fff6a00000,0x000000fff6b00000)]
  0x000002973b5ce000 JavaThread "JDWP Event Helper Thread" daemon [_thread_blocked, id=17116, stack(0x000000fff6900000,0x000000fff6a00000)]
  0x000002973b5cb000 JavaThread "JDWP Transport Listener: dt_socket" daemon [_thread_blocked, id=1312, stack(0x000000fff6800000,0x000000fff6900000)]
  0x000002973b2c6000 JavaThread "Common-Cleaner" daemon [_thread_blocked, id=17868, stack(0x000000fff6700000,0x000000fff6800000)]
  0x000002973b2a7800 JavaThread "Sweeper thread" daemon [_thread_blocked, id=19696, stack(0x000000fff6600000,0x000000fff6700000)]
  0x000002973b2a3800 JavaThread "C1 CompilerThread2" daemon [_thread_blocked, id=6428, stack(0x000000fff6500000,0x000000fff6600000)]
  0x000002973b23a000 JavaThread "C2 CompilerThread1" daemon [_thread_blocked, id=23604, stack(0x000000fff6400000,0x000000fff6500000)]
  0x000002973b233000 JavaThread "C2 CompilerThread0" daemon [_thread_blocked, id=24112, stack(0x000000fff6300000,0x000000fff6400000)]
  0x000002973b231000 JavaThread "Attach Listener" daemon [_thread_blocked, id=4348, stack(0x000000fff6200000,0x000000fff6300000)]
  0x000002973b230800 JavaThread "Signal Dispatcher" daemon [_thread_blocked, id=10644, stack(0x000000fff6100000,0x000000fff6200000)]
  0x000002973b1db000 JavaThread "Finalizer" daemon [_thread_blocked, id=9952, stack(0x000000fff6000000,0x000000fff6100000)]
  0x000002973b1d9800 JavaThread "Reference Handler" daemon [_thread_blocked, id=15780, stack(0x000000fff5f00000,0x000000fff6000000)]
  0x0000029717f58800 JavaThread "main" [_thread_blocked, id=24712, stack(0x000000fff5200000,0x000000fff5300000)]

Other Threads:
=>0x000002973b1d4000 VMThread "VM Thread" [stack: 0x000000fff5e00000,0x000000fff5f00000] [id=4984]
  0x000002973b635000 WatcherThread [stack: 0x000000fff6c00000,0x000000fff6d00000] [id=23972]
  0x0000029717f70000 GCTaskThread "GC Thread#0" [stack: 0x000000fff5300000,0x000000fff5400000] [id=16188]
  0x0000029717f71800 GCTaskThread "GC Thread#1" [stack: 0x000000fff5400000,0x000000fff5500000] [id=6772]
  0x0000029717f74000 GCTaskThread "GC Thread#2" [stack: 0x000000fff5500000,0x000000fff5600000] [id=16760]
  0x0000029717f77800 GCTaskThread "GC Thread#3" [stack: 0x000000fff5600000,0x000000fff5700000] [id=8960]
  0x0000029717fe6000 ConcurrentGCThread "G1 Main Marker" [stack: 0x000000fff5c00000,0x000000fff5d00000] [id=8044]
  0x0000029717fe7800 ConcurrentGCThread "G1 Marker#0" [stack: 0x000000fff5d00000,0x000000fff5e00000] [id=22864]
  0x0000029717f7f000 ConcurrentGCThread "G1 Refine#0" [stack: 0x000000fff5a00000,0x000000fff5b00000] [id=21616]
  0x0000029717f7d800 ConcurrentGCThread "G1 Refine#1" [stack: 0x000000fff5900000,0x000000fff5a00000] [id=15320]
  0x0000029717f7c000 ConcurrentGCThread "G1 Refine#2" [stack: 0x000000fff5800000,0x000000fff5900000] [id=14660]
  0x0000029717f78800 ConcurrentGCThread "G1 Refine#3" [stack: 0x000000fff5700000,0x000000fff5800000] [id=22676]
  0x0000029717f80000 ConcurrentGCThread "G1 Young RemSet Sampling" [stack: 0x000000fff5b00000,0x000000fff5c00000] [id=16736]

Threads with active compile tasks:

VM state:at safepoint (normal execution)

VM Mutex/Monitor currently owned by a thread:  ([mutex/lock_event])
[0x0000029717f55200] Threads_lock - owner thread: 0x000002973b1d4000

OutOfMemory and StackOverflow Exception counts:
StackOverflowErrors=1

Heap address: 0x0000000082400000, size: 2012 MB, Compressed Oops mode: 32-bit
Narrow klass base: 0x0000000000000000, Narrow klass shift: 3
Compressed class space size: 1073741824 Address: 0x0000000100000000

Heap:
 garbage-first heap   total 129024K, used 10240K [0x0000000082400000, 0x00000000825003f0, 0x0000000100000000)
  region size 1024K, 11 young (11264K), 0 survivors (0K)
 Metaspace       used 9236K, capacity 9420K, committed 9728K, reserved 1058816K
  class space    used 889K, capacity 952K, committed 1024K, reserved 1048576K
Heap Regions: E=young(eden), S=young(survivor), O=old, HS=humongous(starts), HC=humongous(continues), CS=collection set, F=free, A=archive, TS=gc time stamp, AC=allocation context, TAMS=top-at-mark-start (previous, next)
|   0|0x0000000082400000, 0x0000000082400000, 0x0000000082500000|  0%| F|  |TS  0|AC  0|TAMS 0x0000000082400000, 0x0000000082400000|
|   1|0x0000000082500000, 0x0000000082500000, 0x0000000082600000|  0%| F|  |TS  0|AC  0|TAMS 0x0000000082500000, 0x0000000082500000|
|   2|0x0000000082600000, 0x0000000082600000, 0x0000000082700000|  0%| F|  |TS  0|AC  0|TAMS 0x0000000082600000, 0x0000000082600000|
|   3|0x0000000082700000, 0x0000000082700000, 0x0000000082800000|  0%| F|  |TS  0|AC  0|TAMS 0x0000000082700000, 0x0000000082700000|
|   4|0x0000000082800000, 0x0000000082800000, 0x0000000082900000|  0%| F|  |TS  0|AC  0|TAMS 0x0000000082800000, 0x0000000082800000|
|   5|0x0000000082900000, 0x0000000082900000, 0x0000000082a00000|  0%| F|  |TS  0|AC  0|TAMS 0x0000000082900000, 0x0000000082900000|
|   6|0x0000000082a00000, 0x0000000082a00000, 0x0000000082b00000|  0%| F|  |TS  0|AC  0|TAMS 0x0000000082a00000, 0x0000000082a00000|
|   7|0x0000000082b00000, 0x0000000082b00000, 0x0000000082c00000|  0%| F|  |TS  0|AC  0|TAMS 0x0000000082b00000, 0x0000000082b00000|
|   8|0x0000000082c00000, 0x0000000082c00000, 0x0000000082d00000|  0%| F|  |TS  0|AC  0|TAMS 0x0000000082c00000, 0x0000000082c00000|
|   9|0x0000000082d00000, 0x0000000082d00000, 0x0000000082e00000|  0%| F|  |TS  0|AC  0|TAMS 0x0000000082d00000, 0x0000000082d00000|
|  10|0x0000000082e00000, 0x0000000082e00000, 0x0000000082f00000|  0%| F|  |TS  0|AC  0|TAMS 0x0000000082e00000, 0x0000000082e00000|
|  11|0x0000000082f00000, 0x0000000082f00000, 0x0000000083000000|  0%| F|  |TS  0|AC  0|TAMS 0x0000000082f00000, 0x0000000082f00000|
|  12|0x0000000083000000, 0x0000000083000000, 0x0000000083100000|  0%| F|  |TS  0|AC  0|TAMS 0x0000000083000000, 0x0000000083000000|
|  13|0x0000000083100000, 0x0000000083100000, 0x0000000083200000|  0%| F|  |TS  0|AC  0|TAMS 0x0000000083100000, 0x0000000083100000|
|  14|0x0000000083200000, 0x0000000083200000, 0x0000000083300000|  0%| F|  |TS  0|AC  0|TAMS 0x0000000083200000, 0x0000000083200000|
|  15|0x0000000083300000, 0x0000000083300000, 0x0000000083400000|  0%| F|  |TS  0|AC  0|TAMS 0x0000000083300000, 0x0000000083300000|
|  16|0x0000000083400000, 0x0000000083400000, 0x0000000083500000|  0%| F|  |TS  0|AC  0|TAMS 0x0000000083400000, 0x0000000083400000|
|  17|0x0000000083500000, 0x0000000083500000, 0x0000000083600000|  0%| F|  |TS  0|AC  0|TAMS 0x0000000083500000, 0x0000000083500000|
|  18|0x0000000083600000, 0x0000000083600000, 0x0000000083700000|  0%| F|  |TS  0|AC  0|TAMS 0x0000000083600000, 0x0000000083600000|
|  19|0x0000000083700000, 0x0000000083700000, 0x0000000083800000|  0%| F|  |TS  0|AC  0|TAMS 0x0000000083700000, 0x0000000083700000|
|  20|0x0000000083800000, 0x0000000083800000, 0x0000000083900000|  0%| F|  |TS  0|AC  0|TAMS 0x0000000083800000, 0x0000000083800000|
|  21|0x0000000083900000, 0x0000000083900000, 0x0000000083a00000|  0%| F|  |TS  0|AC  0|TAMS 0x0000000083900000, 0x0000000083900000|
|  22|0x0000000083a00000, 0x0000000083a00000, 0x0000000083b00000|  0%| F|  |TS  0|AC  0|TAMS 0x0000000083a00000, 0x0000000083a00000|
|  23|0x0000000083b00000, 0x0000000083b00000, 0x0000000083c00000|  0%| F|  |TS  0|AC  0|TAMS 0x0000000083b00000, 0x0000000083b00000|
|  24|0x0000000083c00000, 0x0000000083c00000, 0x0000000083d00000|  0%| F|  |TS  0|AC  0|TAMS 0x0000000083c00000, 0x0000000083c00000|
|  25|0x0000000083d00000, 0x0000000083d00000, 0x0000000083e00000|  0%| F|  |TS  0|AC  0|TAMS 0x0000000083d00000, 0x0000000083d00000|
|  26|0x0000000083e00000, 0x0000000083e00000, 0x0000000083f00000|  0%| F|  |TS  0|AC  0|TAMS 0x0000000083e00000, 0x0000000083e00000|
|  27|0x0000000083f00000, 0x0000000083f00000, 0x0000000084000000|  0%| F|  |TS  0|AC  0|TAMS 0x0000000083f00000, 0x0000000083f00000|
|  28|0x0000000084000000, 0x0000000084000000, 0x0000000084100000|  0%| F|  |TS  0|AC  0|TAMS 0x0000000084000000, 0x0000000084000000|
|  29|0x0000000084100000, 0x0000000084100000, 0x0000000084200000|  0%| F|  |TS  0|AC  0|TAMS 0x0000000084100000, 0x0000000084100000|
|  30|0x0000000084200000, 0x0000000084200000, 0x0000000084300000|  0%| F|  |TS  0|AC  0|TAMS 0x0000000084200000, 0x0000000084200000|
|  31|0x0000000084300000, 0x0000000084300000, 0x0000000084400000|  0%| F|  |TS  0|AC  0|TAMS 0x0000000084300000, 0x0000000084300000|
|  32|0x0000000084400000, 0x0000000084400000, 0x0000000084500000|  0%| F|  |TS  0|AC  0|TAMS 0x0000000084400000, 0x0000000084400000|
|  33|0x0000000084500000, 0x0000000084500000, 0x0000000084600000|  0%| F|  |TS  0|AC  0|TAMS 0x0000000084500000, 0x0000000084500000|
|  34|0x0000000084600000, 0x0000000084600000, 0x0000000084700000|  0%| F|  |TS  0|AC  0|TAMS 0x0000000084600000, 0x0000000084600000|
|  35|0x0000000084700000, 0x0000000084700000, 0x0000000084800000|  0%| F|  |TS  0|AC  0|TAMS 0x0000000084700000, 0x0000000084700000|
|  36|0x0000000084800000, 0x0000000084800000, 0x0000000084900000|  0%| F|  |TS  0|AC  0|TAMS 0x0000000084800000, 0x0000000084800000|
|  37|0x0000000084900000, 0x0000000084900000, 0x0000000084a00000|  0%| F|  |TS  0|AC  0|TAMS 0x0000000084900000, 0x0000000084900000|
|  38|0x0000000084a00000, 0x0000000084a00000, 0x0000000084b00000|  0%| F|  |TS  0|AC  0|TAMS 0x0000000084a00000, 0x0000000084a00000|
|  39|0x0000000084b00000, 0x0000000084b00000, 0x0000000084c00000|  0%| F|  |TS  0|AC  0|TAMS 0x0000000084b00000, 0x0000000084b00000|
|  40|0x0000000084c00000, 0x0000000084c00000, 0x0000000084d00000|  0%| F|  |TS  0|AC  0|TAMS 0x0000000084c00000, 0x0000000084c00000|
|  41|0x0000000084d00000, 0x0000000084d00000, 0x0000000084e00000|  0%| F|  |TS  0|AC  0|TAMS 0x0000000084d00000, 0x0000000084d00000|
|  42|0x0000000084e00000, 0x0000000084e00000, 0x0000000084f00000|  0%| F|  |TS  0|AC  0|TAMS 0x0000000084e00000, 0x0000000084e00000|
|  43|0x0000000084f00000, 0x0000000084f00000, 0x0000000085000000|  0%| F|  |TS  0|AC  0|TAMS 0x0000000084f00000, 0x0000000084f00000|
|  44|0x0000000085000000, 0x0000000085000000, 0x0000000085100000|  0%| F|  |TS  0|AC  0|TAMS 0x0000000085000000, 0x0000000085000000|
|  45|0x0000000085100000, 0x0000000085100000, 0x0000000085200000|  0%| F|  |TS  0|AC  0|TAMS 0x0000000085100000, 0x0000000085100000|
|  46|0x0000000085200000, 0x0000000085200000, 0x0000000085300000|  0%| F|  |TS  0|AC  0|TAMS 0x0000000085200000, 0x0000000085200000|
|  47|0x0000000085300000, 0x0000000085300000, 0x0000000085400000|  0%| F|  |TS  0|AC  0|TAMS 0x0000000085300000, 0x0000000085300000|
|  48|0x0000000085400000, 0x0000000085400000, 0x0000000085500000|  0%| F|  |TS  0|AC  0|TAMS 0x0000000085400000, 0x0000000085400000|
|  49|0x0000000085500000, 0x0000000085500000, 0x0000000085600000|  0%| F|  |TS  0|AC  0|TAMS 0x0000000085500000, 0x0000000085500000|
|  50|0x0000000085600000, 0x0000000085600000, 0x0000000085700000|  0%| F|  |TS  0|AC  0|TAMS 0x0000000085600000, 0x0000000085600000|
|  51|0x0000000085700000, 0x0000000085700000, 0x0000000085800000|  0%| F|  |TS  0|AC  0|TAMS 0x0000000085700000, 0x0000000085700000|
|  52|0x0000000085800000, 0x0000000085800000, 0x0000000085900000|  0%| F|  |TS  0|AC  0|TAMS 0x0000000085800000, 0x0000000085800000|
|  53|0x0000000085900000, 0x0000000085900000, 0x0000000085a00000|  0%| F|  |TS  0|AC  0|TAMS 0x0000000085900000, 0x0000000085900000|
|  54|0x0000000085a00000, 0x0000000085a00000, 0x0000000085b00000|  0%| F|  |TS  0|AC  0|TAMS 0x0000000085a00000, 0x0000000085a00000|
|  55|0x0000000085b00000, 0x0000000085b00000, 0x0000000085c00000|  0%| F|  |TS  0|AC  0|TAMS 0x0000000085b00000, 0x0000000085b00000|
|  56|0x0000000085c00000, 0x0000000085c00000, 0x0000000085d00000|  0%| F|  |TS  0|AC  0|TAMS 0x0000000085c00000, 0x0000000085c00000|
|  57|0x0000000085d00000, 0x0000000085d00000, 0x0000000085e00000|  0%| F|  |TS  0|AC  0|TAMS 0x0000000085d00000, 0x0000000085d00000|
|  58|0x0000000085e00000, 0x0000000085e00000, 0x0000000085f00000|  0%| F|  |TS  0|AC  0|TAMS 0x0000000085e00000, 0x0000000085e00000|
|  59|0x0000000085f00000, 0x0000000085f00000, 0x0000000086000000|  0%| F|  |TS  0|AC  0|TAMS 0x0000000085f00000, 0x0000000085f00000|
|  60|0x0000000086000000, 0x0000000086000000, 0x0000000086100000|  0%| F|  |TS  0|AC  0|TAMS 0x0000000086000000, 0x0000000086000000|
|  61|0x0000000086100000, 0x0000000086100000, 0x0000000086200000|  0%| F|  |TS  0|AC  0|TAMS 0x0000000086100000, 0x0000000086100000|
|  62|0x0000000086200000, 0x0000000086200000, 0x0000000086300000|  0%| F|  |TS  0|AC  0|TAMS 0x0000000086200000, 0x0000000086200000|
|  63|0x0000000086300000, 0x0000000086300000, 0x0000000086400000|  0%| F|  |TS  0|AC  0|TAMS 0x0000000086300000, 0x0000000086300000|
|  64|0x0000000086400000, 0x0000000086400000, 0x0000000086500000|  0%| F|  |TS  0|AC  0|TAMS 0x0000000086400000, 0x0000000086400000|
|  65|0x0000000086500000, 0x0000000086500000, 0x0000000086600000|  0%| F|  |TS  0|AC  0|TAMS 0x0000000086500000, 0x0000000086500000|
|  66|0x0000000086600000, 0x0000000086600000, 0x0000000086700000|  0%| F|  |TS  0|AC  0|TAMS 0x0000000086600000, 0x0000000086600000|
|  67|0x0000000086700000, 0x0000000086700000, 0x0000000086800000|  0%| F|  |TS  0|AC  0|TAMS 0x0000000086700000, 0x0000000086700000|
|  68|0x0000000086800000, 0x0000000086800000, 0x0000000086900000|  0%| F|  |TS  0|AC  0|TAMS 0x0000000086800000, 0x0000000086800000|
|  69|0x0000000086900000, 0x0000000086900000, 0x0000000086a00000|  0%| F|  |TS  0|AC  0|TAMS 0x0000000086900000, 0x0000000086900000|
|  70|0x0000000086a00000, 0x0000000086a00000, 0x0000000086b00000|  0%| F|  |TS  0|AC  0|TAMS 0x0000000086a00000, 0x0000000086a00000|
|  71|0x0000000086b00000, 0x0000000086b00000, 0x0000000086c00000|  0%| F|  |TS  0|AC  0|TAMS 0x0000000086b00000, 0x0000000086b00000|
|  72|0x0000000086c00000, 0x0000000086c00000, 0x0000000086d00000|  0%| F|  |TS  0|AC  0|TAMS 0x0000000086c00000, 0x0000000086c00000|
|  73|0x0000000086d00000, 0x0000000086d00000, 0x0000000086e00000|  0%| F|  |TS  0|AC  0|TAMS 0x0000000086d00000, 0x0000000086d00000|
|  74|0x0000000086e00000, 0x0000000086e00000, 0x0000000086f00000|  0%| F|  |TS  0|AC  0|TAMS 0x0000000086e00000, 0x0000000086e00000|
|  75|0x0000000086f00000, 0x0000000086f00000, 0x0000000087000000|  0%| F|  |TS  0|AC  0|TAMS 0x0000000086f00000, 0x0000000086f00000|
|  76|0x0000000087000000, 0x0000000087000000, 0x0000000087100000|  0%| F|  |TS  0|AC  0|TAMS 0x0000000087000000, 0x0000000087000000|
|  77|0x0000000087100000, 0x0000000087100000, 0x0000000087200000|  0%| F|  |TS  0|AC  0|TAMS 0x0000000087100000, 0x0000000087100000|
|  78|0x0000000087200000, 0x0000000087200000, 0x0000000087300000|  0%| F|  |TS  0|AC  0|TAMS 0x0000000087200000, 0x0000000087200000|
|  79|0x0000000087300000, 0x0000000087300000, 0x0000000087400000|  0%| F|  |TS  0|AC  0|TAMS 0x0000000087300000, 0x0000000087300000|
|  80|0x0000000087400000, 0x0000000087400000, 0x0000000087500000|  0%| F|  |TS  0|AC  0|TAMS 0x0000000087400000, 0x0000000087400000|
|  81|0x0000000087500000, 0x0000000087500000, 0x0000000087600000|  0%| F|  |TS  0|AC  0|TAMS 0x0000000087500000, 0x0000000087500000|
|  82|0x0000000087600000, 0x0000000087600000, 0x0000000087700000|  0%| F|  |TS  0|AC  0|TAMS 0x0000000087600000, 0x0000000087600000|
|  83|0x0000000087700000, 0x0000000087700000, 0x0000000087800000|  0%| F|  |TS  0|AC  0|TAMS 0x0000000087700000, 0x0000000087700000|
|  84|0x0000000087800000, 0x0000000087800000, 0x0000000087900000|  0%| F|  |TS  0|AC  0|TAMS 0x0000000087800000, 0x0000000087800000|
|  85|0x0000000087900000, 0x0000000087900000, 0x0000000087a00000|  0%| F|  |TS  0|AC  0|TAMS 0x0000000087900000, 0x0000000087900000|
|  86|0x0000000087a00000, 0x0000000087a00000, 0x0000000087b00000|  0%| F|  |TS  0|AC  0|TAMS 0x0000000087a00000, 0x0000000087a00000|
|  87|0x0000000087b00000, 0x0000000087b00000, 0x0000000087c00000|  0%| F|  |TS  0|AC  0|TAMS 0x0000000087b00000, 0x0000000087b00000|
|  88|0x0000000087c00000, 0x0000000087c00000, 0x0000000087d00000|  0%| F|  |TS  0|AC  0|TAMS 0x0000000087c00000, 0x0000000087c00000|
|  89|0x0000000087d00000, 0x0000000087d00000, 0x0000000087e00000|  0%| F|  |TS  0|AC  0|TAMS 0x0000000087d00000, 0x0000000087d00000|
|  90|0x0000000087e00000, 0x0000000087e00000, 0x0000000087f00000|  0%| F|  |TS  0|AC  0|TAMS 0x0000000087e00000, 0x0000000087e00000|
|  91|0x0000000087f00000, 0x0000000087f00000, 0x0000000088000000|  0%| F|  |TS  0|AC  0|TAMS 0x0000000087f00000, 0x0000000087f00000|
|  92|0x0000000088000000, 0x0000000088000000, 0x0000000088100000|  0%| F|  |TS  0|AC  0|TAMS 0x0000000088000000, 0x0000000088000000|
|  93|0x0000000088100000, 0x0000000088100000, 0x0000000088200000|  0%| F|  |TS  0|AC  0|TAMS 0x0000000088100000, 0x0000000088100000|
|  94|0x0000000088200000, 0x0000000088200000, 0x0000000088300000|  0%| F|  |TS  0|AC  0|TAMS 0x0000000088200000, 0x0000000088200000|
|  95|0x0000000088300000, 0x0000000088300000, 0x0000000088400000|  0%| F|  |TS  0|AC  0|TAMS 0x0000000088300000, 0x0000000088300000|
|  96|0x0000000088400000, 0x0000000088400000, 0x0000000088500000|  0%| F|  |TS  0|AC  0|TAMS 0x0000000088400000, 0x0000000088400000|
|  97|0x0000000088500000, 0x0000000088500000, 0x0000000088600000|  0%| F|  |TS  0|AC  0|TAMS 0x0000000088500000, 0x0000000088500000|
|  98|0x0000000088600000, 0x0000000088600000, 0x0000000088700000|  0%| F|  |TS  0|AC  0|TAMS 0x0000000088600000, 0x0000000088600000|
|  99|0x0000000088700000, 0x0000000088700000, 0x0000000088800000|  0%| F|  |TS  0|AC  0|TAMS 0x0000000088700000, 0x0000000088700000|
| 100|0x0000000088800000, 0x0000000088800000, 0x0000000088900000|  0%| F|  |TS  0|AC  0|TAMS 0x0000000088800000, 0x0000000088800000|
| 101|0x0000000088900000, 0x0000000088900000, 0x0000000088a00000|  0%| F|  |TS  0|AC  0|TAMS 0x0000000088900000, 0x0000000088900000|
| 102|0x0000000088a00000, 0x0000000088a00000, 0x0000000088b00000|  0%| F|  |TS  0|AC  0|TAMS 0x0000000088a00000, 0x0000000088a00000|
| 103|0x0000000088b00000, 0x0000000088b00000, 0x0000000088c00000|  0%| F|  |TS  0|AC  0|TAMS 0x0000000088b00000, 0x0000000088b00000|
| 104|0x0000000088c00000, 0x0000000088c00000, 0x0000000088d00000|  0%| F|  |TS  0|AC  0|TAMS 0x0000000088c00000, 0x0000000088c00000|
| 105|0x0000000088d00000, 0x0000000088d00000, 0x0000000088e00000|  0%| F|  |TS  0|AC  0|TAMS 0x0000000088d00000, 0x0000000088d00000|
| 106|0x0000000088e00000, 0x0000000088e00000, 0x0000000088f00000|  0%| F|  |TS  0|AC  0|TAMS 0x0000000088e00000, 0x0000000088e00000|
| 107|0x0000000088f00000, 0x0000000088f00000, 0x0000000089000000|  0%| F|  |TS  0|AC  0|TAMS 0x0000000088f00000, 0x0000000088f00000|
| 108|0x0000000089000000, 0x0000000089000000, 0x0000000089100000|  0%| F|  |TS  0|AC  0|TAMS 0x0000000089000000, 0x0000000089000000|
| 109|0x0000000089100000, 0x0000000089100000, 0x0000000089200000|  0%| F|  |TS  0|AC  0|TAMS 0x0000000089100000, 0x0000000089100000|
| 110|0x0000000089200000, 0x0000000089200000, 0x0000000089300000|  0%| F|  |TS  0|AC  0|TAMS 0x0000000089200000, 0x0000000089200000|
| 111|0x0000000089300000, 0x0000000089300000, 0x0000000089400000|  0%| F|  |TS  0|AC  0|TAMS 0x0000000089300000, 0x0000000089300000|
| 112|0x0000000089400000, 0x0000000089400000, 0x0000000089500000|  0%| F|  |TS  0|AC  0|TAMS 0x0000000089400000, 0x0000000089400000|
| 113|0x0000000089500000, 0x0000000089500000, 0x0000000089600000|  0%| F|  |TS  0|AC  0|TAMS 0x0000000089500000, 0x0000000089500000|
| 114|0x0000000089600000, 0x0000000089600000, 0x0000000089700000|  0%| F|  |TS  0|AC  0|TAMS 0x0000000089600000, 0x0000000089600000|
| 115|0x0000000089700000, 0x00000000897936e8, 0x0000000089800000| 57%| E|  |TS  0|AC  0|TAMS 0x0000000089700000, 0x0000000089700000|
| 116|0x0000000089800000, 0x0000000089900000, 0x0000000089900000|100%| E|CS|TS  0|AC  0|TAMS 0x0000000089800000, 0x0000000089800000|
| 117|0x0000000089900000, 0x0000000089a00000, 0x0000000089a00000|100%| E|CS|TS  0|AC  0|TAMS 0x0000000089900000, 0x0000000089900000|
| 118|0x0000000089a00000, 0x0000000089b00000, 0x0000000089b00000|100%| E|CS|TS  0|AC  0|TAMS 0x0000000089a00000, 0x0000000089a00000|
| 119|0x0000000089b00000, 0x0000000089c00000, 0x0000000089c00000|100%| E|CS|TS  0|AC  0|TAMS 0x0000000089b00000, 0x0000000089b00000|
| 120|0x0000000089c00000, 0x0000000089d00000, 0x0000000089d00000|100%| E|CS|TS  0|AC  0|TAMS 0x0000000089c00000, 0x0000000089c00000|
| 121|0x0000000089d00000, 0x0000000089e00000, 0x0000000089e00000|100%| E|CS|TS  0|AC  0|TAMS 0x0000000089d00000, 0x0000000089d00000|
| 122|0x0000000089e00000, 0x0000000089f00000, 0x0000000089f00000|100%| E|CS|TS  0|AC  0|TAMS 0x0000000089e00000, 0x0000000089e00000|
| 123|0x0000000089f00000, 0x000000008a000000, 0x000000008a000000|100%| E|CS|TS  0|AC  0|TAMS 0x0000000089f00000, 0x0000000089f00000|
| 124|0x000000008a000000, 0x000000008a100000, 0x000000008a100000|100%| E|CS|TS  0|AC  0|TAMS 0x000000008a000000, 0x000000008a000000|
| 125|0x000000008a100000, 0x000000008a200000, 0x000000008a200000|100%| E|CS|TS  0|AC  0|TAMS 0x000000008a100000, 0x000000008a100000|

Card table byte_map: [0x0000029733c60000,0x0000029734050000] byte_map_base: 0x000002973384e000

Marking Bits (Prev, Next): (CMBitMap*) 0x0000029717fe4fa0, (CMBitMap*) 0x0000029717fe4fd8
 Prev Bits: [0x0000029734440000, 0x00000297363b0000)
 Next Bits: [0x00000297363b0000, 0x0000029738320000)

Polling page: 0x0000029718010000

CodeHeap 'non-profiled nmethods': size=120064Kb used=237Kb max_used=237Kb free=119826Kb
 bounds [0x000002972ba10000, 0x000002972bc80000, 0x0000029732f50000]
CodeHeap 'profiled nmethods': size=120000Kb used=1219Kb max_used=1219Kb free=118780Kb
 bounds [0x00000297244e0000, 0x0000029724750000, 0x000002972ba10000]
CodeHeap 'non-nmethods': size=5696Kb used=1209Kb max_used=1217Kb free=4486Kb
 bounds [0x0000029723f50000, 0x00000297241c0000, 0x00000297244e0000]
 total_blobs=1183 nmethods=687 adapters=277
 compilation: enabled

Compilation events (10 events):
Event: 1.815 Thread 0x000002973b2a3800  643       3       sun.nio.fs.WindowsPathParser$Result::<init> (20 bytes)
Event: 1.815 Thread 0x000002973b2a3800 nmethod 643 0x000002972460f990 code [0x000002972460fb40, 0x000002972460fe18]
Event: 1.815 Thread 0x000002973b2a3800  644       3       sun.nio.fs.WindowsPathParser::isLetter (30 bytes)
Event: 1.815 Thread 0x000002973b2a3800 nmethod 644 0x000002972460ff10 code [0x00000297246100c0, 0x00000297246102f8]
Event: 1.815 Thread 0x000002973b2a3800  647       1       java.lang.invoke.LambdaForm$BasicType::basicTypeClass (5 bytes)
Event: 1.815 Thread 0x000002973b2a3800 nmethod 647 0x000002972ba47490 code [0x000002972ba47640, 0x000002972ba47758]
Event: 1.818 Thread 0x000002973b2a3800  657       3       java.io.RandomAccessFile::seek (22 bytes)
Event: 1.819 Thread 0x000002973b2a3800 nmethod 657 0x0000029724610390 code [0x0000029724610560, 0x0000029724610820]
Event: 1.819 Thread 0x000002973b2a3800  659       3       java.nio.charset.Charset::forName (20 bytes)
Event: 1.819 Thread 0x000002973b2a3800 nmethod 659 0x0000029724610910 code [0x0000029724610ae0, 0x0000029724610d20]

GC Heap History (0 events):
No events

Deoptimization events (2 events):
Event: 0.962 Thread 0x0000029717f58800 Uncommon trap: reason=unstable_if action=reinterpret pc=0x000002972ba131fc method=java.lang.String.charAt(I)C @ 4 c2
Event: 1.468 Thread 0x0000029717f58800 Uncommon trap: reason=unstable_if action=reinterpret pc=0x000002972ba36b00 method=java.lang.String.startsWith(Ljava/lang/String;I)Z @ 1 c2

Classes redefined (5 events):
Event: 266.379 Thread 0x000002973b1d4000 redefined class name=edu.gatech.seclass.encode.Main, count=1
Event: 444.424 Thread 0x000002973b1d4000 redefined class name=edu.gatech.seclass.encode.Main, count=2
Event: 1537.009 Thread 0x000002973b1d4000 redefined class name=edu.gatech.seclass.encode.Main, count=3
Event: 1594.709 Thread 0x000002973b1d4000 redefined class name=edu.gatech.seclass.encode.Main, count=4
Event: 1850.342 Thread 0x000002973b1d4000 redefined class name=edu.gatech.seclass.encode.Main, count=5

Internal exceptions (10 events):
Event: 1.104 Thread 0x0000029717f58800 Exception <a 'java/lang/NoSuchMethodError'{0x0000000089db3960}: java.lang.invoke.DirectMethodHandle$Holder.invokeInterface(Ljava/lang/Object;Ljava/lang/Object;Ljava/lang/Object;)I> (0x0000000089db3960) thrown at [t:/workspace/hotspot/src/share/vm/interpre
Event: 1.188 Thread 0x0000029717f58800 Exception <a 'java/lang/NoSuchMethodError'{0x0000000089c5aad8}: java.lang.Object.lambda$negate$3(I)Z> (0x0000000089c5aad8) thrown at [t:/workspace/hotspot/src/share/vm/interpreter/linkResolver.cpp, line 731]
Event: 1.189 Thread 0x0000029717f58800 Exception <a 'java/lang/NoSuchMethodError'{0x0000000089c5e170}: java.lang.Object.lambda$union$3(Ljava/util/regex/Pattern$CharPredicate;I)Z> (0x0000000089c5e170) thrown at [t:/workspace/hotspot/src/share/vm/interpreter/linkResolver.cpp, line 731]
Event: 1.200 Thread 0x0000029717f58800 Exception <a 'java/lang/NoSuchMethodError'{0x0000000089c86730}: java.lang.Object.lambda$union$2(Ljava/util/regex/Pattern$CharPredicate;I)Z> (0x0000000089c86730) thrown at [t:/workspace/hotspot/src/share/vm/interpreter/linkResolver.cpp, line 731]
Event: 1.231 Thread 0x0000029717f58800 Exception <a 'java/lang/NoSuchMethodError'{0x0000000089ccdcc8}: java.lang.invoke.DirectMethodHandle$Holder.invokeStatic(Ljava/lang/Object;Ljava/lang/Object;)I> (0x0000000089ccdcc8) thrown at [t:/workspace/hotspot/src/share/vm/interpreter/linkResolver.cpp,
Event: 1.236 Thread 0x0000029717f58800 Exception <a 'java/lang/NoSuchMethodError'{0x0000000089cde008}: java.lang.Object.of([Ljava/lang/Object;)Ljava/util/stream/Stream;> (0x0000000089cde008) thrown at [t:/workspace/hotspot/src/share/vm/interpreter/linkResolver.cpp, line 731]
Event: 1.494 Thread 0x0000029717f58800 Exception <a 'java/lang/NoSuchMethodError'{0x00000000898795d8}: method resolution failed> (0x00000000898795d8) thrown at [t:/workspace/hotspot/src/share/vm/prims/methodHandles.cpp, line 1256]
Event: 1.494 Thread 0x0000029717f58800 Exception <a 'java/lang/NoSuchMethodError'{0x000000008987c9b8}: java.lang.invoke.DirectMethodHandle$Holder.invokeStaticInit(Ljava/lang/Object;IIII)Ljava/lang/Object;> (0x000000008987c9b8) thrown at [t:/workspace/hotspot/src/share/vm/interpreter/linkResolv
Event: 1.807 Thread 0x0000029717f58800 Exception <a 'java/lang/NoSuchMethodError'{0x00000000898edcf8}: method resolution failed> (0x00000000898edcf8) thrown at [t:/workspace/hotspot/src/share/vm/prims/methodHandles.cpp, line 1256]
Event: 1.808 Thread 0x0000029717f58800 Exception <a 'java/lang/NoSuchMethodError'{0x00000000898f1388}: java.lang.invoke.DirectMethodHandle$Holder.invokeStaticInit(Ljava/lang/Object;Ljava/lang/Object;IIII)Ljava/lang/Object;> (0x00000000898f1388) thrown at [t:/workspace/hotspot/src/share/vm/inte

Events (10 events):
Event: 1850.617 Executing VM operation: GetFrameLocation done
Event: 1850.619 Executing VM operation: GetFrameCount
Event: 1850.619 Executing VM operation: GetFrameCount done
Event: 1850.619 Executing VM operation: GetFrameLocation
Event: 1850.619 Executing VM operation: GetFrameLocation done
Event: 1850.619 Executing VM operation: GetFrameLocation
Event: 1850.619 Executing VM operation: GetFrameLocation done
Event: 1850.620 Executing VM operation: GetOrSetLocal
Event: 1850.620 Executing VM operation: GetOrSetLocal done
Event: 1850.622 Executing VM operation: GetOrSetLocal


Dynamic libraries:
0x00007ff678c00000 - 0x00007ff678c3e000 	C:\Program Files\Java\jdk-9.0.1\bin\java.exe
0x00007ff9be5c0000 - 0x00007ff9be7a1000 	C:\WINDOWS\SYSTEM32\ntdll.dll
0x00007ff9bc390000 - 0x00007ff9bc442000 	C:\WINDOWS\System32\KERNEL32.DLL
0x00007ff9bb7d0000 - 0x00007ff9bba43000 	C:\WINDOWS\System32\KERNELBASE.dll
0x00007ff9bba50000 - 0x00007ff9bbaf1000 	C:\WINDOWS\System32\ADVAPI32.dll
0x00007ff9bc450000 - 0x00007ff9bc4ee000 	C:\WINDOWS\System32\msvcrt.dll
0x00007ff9bbfe0000 - 0x00007ff9bc03b000 	C:\WINDOWS\System32\sechost.dll
0x00007ff9bd000000 - 0x00007ff9bd124000 	C:\WINDOWS\System32\RPCRT4.dll
0x00007ff9bc610000 - 0x00007ff9bc7a0000 	C:\WINDOWS\System32\USER32.dll
0x00007ff9bad30000 - 0x00007ff9bad50000 	C:\WINDOWS\System32\win32u.dll
0x00007ff9bbe20000 - 0x00007ff9bbe48000 	C:\WINDOWS\System32\GDI32.dll
0x00007ff9bab30000 - 0x00007ff9bacc2000 	C:\WINDOWS\System32\gdi32full.dll
0x00007ff9baa90000 - 0x00007ff9bab2f000 	C:\WINDOWS\System32\msvcp_win.dll
0x00007ff9ba990000 - 0x00007ff9baa8a000 	C:\WINDOWS\System32\ucrtbase.dll
0x00007ff9b0730000 - 0x00007ff9b0999000 	C:\WINDOWS\WinSxS\amd64_microsoft.windows.common-controls_6595b64144ccf1df_6.0.17134.165_none_fb429645306569ac\COMCTL32.dll
0x00007ff9bc800000 - 0x00007ff9bcb23000 	C:\WINDOWS\System32\combase.dll
0x00007ff9bad50000 - 0x00007ff9badca000 	C:\WINDOWS\System32\bcryptPrimitives.dll
0x00007ff9ac800000 - 0x00007ff9ac80a000 	C:\WINDOWS\SYSTEM32\VERSION.dll
0x00007ff9bc050000 - 0x00007ff9bc07d000 	C:\WINDOWS\System32\IMM32.DLL
0x00007ff9a2d30000 - 0x00007ff9a2e1f000 	C:\Program Files\Java\jdk-9.0.1\bin\msvcr120.dll
0x00007ff9a25e0000 - 0x00007ff9a2686000 	C:\Program Files\Java\jdk-9.0.1\bin\msvcp120.dll
0x0000000074c80000 - 0x00000000756a4000 	C:\Program Files\Java\jdk-9.0.1\bin\server\jvm.dll
0x00007ff9bbe50000 - 0x00007ff9bbe58000 	C:\WINDOWS\System32\PSAPI.DLL
0x00007ff9b94e0000 - 0x00007ff9b94e9000 	C:\WINDOWS\SYSTEM32\WSOCK32.dll
0x00007ff9bcb30000 - 0x00007ff9bcb9c000 	C:\WINDOWS\System32\WS2_32.dll
0x00007ff9b1bd0000 - 0x00007ff9b1bf3000 	C:\WINDOWS\SYSTEM32\WINMM.dll
0x00007ff9b0da0000 - 0x00007ff9b0dca000 	C:\WINDOWS\SYSTEM32\WINMMBASE.dll
0x00007ff9badd0000 - 0x00007ff9bae19000 	C:\WINDOWS\System32\cfgmgr32.dll
0x00007ff9b4230000 - 0x00007ff9b423f000 	C:\Program Files\Java\jdk-9.0.1\bin\verify.dll
0x00007ff9af0f0000 - 0x00007ff9af117000 	C:\Program Files\Java\jdk-9.0.1\bin\java.dll
0x00007ff9a2950000 - 0x00007ff9a2986000 	C:\Program Files\Java\jdk-9.0.1\bin\jdwp.dll
0x00007ff9a2ce0000 - 0x00007ff9a2d0a000 	C:\Program Files\Java\jdk-9.0.1\bin\instrument.dll
0x00007ff9b18a0000 - 0x00007ff9b18b6000 	C:\Program Files\Java\jdk-9.0.1\bin\zip.dll
0x00007ff9b4220000 - 0x00007ff9b422a000 	C:\Program Files\Java\jdk-9.0.1\bin\jimage.dll
0x00007ff9bd130000 - 0x00007ff9be570000 	C:\WINDOWS\System32\SHELL32.dll
0x00007ff9bc220000 - 0x00007ff9bc2c9000 	C:\WINDOWS\System32\shcore.dll
0x00007ff9bae20000 - 0x00007ff9bb52d000 	C:\WINDOWS\System32\windows.storage.dll
0x00007ff9bc330000 - 0x00007ff9bc381000 	C:\WINDOWS\System32\shlwapi.dll
0x00007ff9ba970000 - 0x00007ff9ba981000 	C:\WINDOWS\System32\kernel.appcore.dll
0x00007ff9ba8d0000 - 0x00007ff9ba8ef000 	C:\WINDOWS\System32\profapi.dll
0x00007ff9ba920000 - 0x00007ff9ba96c000 	C:\WINDOWS\System32\powrprof.dll
0x00007ff9ba910000 - 0x00007ff9ba91a000 	C:\WINDOWS\System32\FLTLIB.DLL
0x00007ff9a33b0000 - 0x00007ff9a33ca000 	C:\Program Files\Java\jdk-9.0.1\bin\net.dll
0x00007ff9b5960000 - 0x00007ff9b5a3c000 	C:\WINDOWS\SYSTEM32\WINHTTP.dll
0x00007ff9ba0f0000 - 0x00007ff9ba156000 	C:\WINDOWS\system32\mswsock.dll
0x00007ff9a2d10000 - 0x00007ff9a2d21000 	C:\Program Files\Java\jdk-9.0.1\bin\nio.dll
0x00007ff9b4100000 - 0x00007ff9b410a000 	C:\Program Files\Java\jdk-9.0.1\bin\dt_socket.dll
0x00007ff9ba2a0000 - 0x00007ff9ba2b7000 	C:\WINDOWS\SYSTEM32\CRYPTSP.dll
0x00007ff9b9cd0000 - 0x00007ff9b9d03000 	C:\WINDOWS\system32\rsaenh.dll
0x00007ff9ba430000 - 0x00007ff9ba455000 	C:\WINDOWS\SYSTEM32\bcrypt.dll
0x00007ff9ba800000 - 0x00007ff9ba828000 	C:\WINDOWS\SYSTEM32\USERENV.dll
0x00007ff9ba2c0000 - 0x00007ff9ba2cb000 	C:\WINDOWS\SYSTEM32\CRYPTBASE.dll
0x00007ff9b9e70000 - 0x00007ff9b9ea8000 	C:\WINDOWS\SYSTEM32\IPHLPAPI.DLL
0x00007ff9bcba0000 - 0x00007ff9bcba8000 	C:\WINDOWS\System32\NSI.dll
0x00007ff9b1c30000 - 0x00007ff9b1c46000 	C:\WINDOWS\SYSTEM32\dhcpcsvc6.DLL
0x00007ff9b2770000 - 0x00007ff9b278a000 	C:\WINDOWS\SYSTEM32\dhcpcsvc.DLL
0x00007ff9b92e0000 - 0x00007ff9b94a9000 	C:\WINDOWS\SYSTEM32\dbghelp.dll

VM Arguments:
jvm_args: -agentlib:jdwp=transport=dt_socket,address=127.0.0.1:51557,suspend=y,server=n -ea -Didea.test.cyclic.buffer.size=1048576 -javaagent:C:\Users\bhans\.IdeaIC2017.3\system\captureAgent\debugger-agent.jar=C:\Users\bhans\AppData\Local\Temp\capture1129.props -Dfile.encoding=UTF-8 
java_command: com.intellij.rt.execution.junit.JUnitStarter -ideVersion5 -junit4 edu.gatech.seclass.encode.MainTest,mainTest1
java_class_path (initial): C:\Program Files\JetBrains\IntelliJ IDEA Community Edition 2017.3.2\lib\idea_rt.jar;C:\Program Files\JetBrains\IntelliJ IDEA Community Edition 2017.3.2\plugins\junit\lib\junit-rt.jar;C:\Program Files\JetBrains\IntelliJ IDEA Community Edition 2017.3.2\plugins\junit\lib\junit5-rt.jar;C:\Software Projects\CS6300 SDP\6300Summer18rbhansali9\IndividualProject\encode\out\test\encode;C:\Software Projects\CS6300 SDP\6300Summer18rbhansali9\IndividualProject\encode\out\production\encode;C:\Software Projects\CS6300 SDP\6300Summer18rbhansali9\IndividualProject\encode\lib\junit-4.12.jar;C:\Software Projects\CS6300 SDP\6300Summer18rbhansali9\IndividualProject\encode\lib\hamcrest-core-1.3.jar
Launcher Type: SUN_STANDARD

Logging:
Log output configuration:
#0: stdout all=warning uptime,level,tags
#1: stderr all=off uptime,level,tags

Environment Variables:
PATH=C:\ProgramData\Oracle\Java\javapath;C:\Program Files (x86)\Intel\iCLS Client\;C:\Program Files\Intel\iCLS Client\;C:\WINDOWS\system32;C:\WINDOWS;C:\WINDOWS\System32\Wbem;C:\WINDOWS\System32\WindowsPowerShell\v1.0\;C:\Program Files (x86)\Intel\Intel(R) Management Engine Components\DAL;C:\Program Files\Intel\Intel(R) Management Engine Components\DAL;C:\Program Files (x86)\Intel\Intel(R) Management Engine Components\IPT;C:\Program Files\Intel\Intel(R) Management Engine Components\IPT;C:\Program Files\Microsoft\Web Platform Installer\;C:\Program Files (x86)\Microsoft ASP.NET\ASP.NET Web Pages\v1.0\;C:\Program Files (x86)\Windows Kits\8.0\Windows Performance Toolkit\;C:\Program Files\Microsoft SQL Server\110\Tools\Binn\;C:\WINDOWS\system32\config\systemprofile\.dnx\bin;C:\Program Files\Microsoft DNX\Dnvm\;C:\Program Files\Microsoft SQL Server\130\Tools\Binn\;C:\Program Files\nodejs\;C:\Program Files\WIDCOMM\Bluetooth Software\;C:\Program Files\WIDCOMM\Bluetooth Software\syswow64;C:\Program Files\Git\cmd;C:\Program Files\Git\mingw64\bin;C:\Program Files\Git\usr\bin;C:\WINDOWS\System32\OpenSSH\;C:\Users\bhans\AppData\Local\Microsoft\WindowsApps;C:\Users\bhans\AppData\Roaming\npm;C:\Selenium Driver\Gecko;C:\Selenium Driver\IE;C:\Users\bhans\IdeaProjects;
USERNAME=bhans
OS=Windows_NT
PROCESSOR_IDENTIFIER=Intel64 Family 6 Model 78 Stepping 3, GenuineIntel



---------------  S Y S T E M  ---------------

OS: Windows 10 , 64 bit Build 17134 (10.0.17134.1)

CPU:total 4 (initial active 4) (2 cores per cpu, 2 threads per core) family 6 model 78 stepping 3, cmov, cx8, fxsr, mmx, sse, sse2, sse3, ssse3, sse4.1, sse4.2, popcnt, avx, avx2, aes, clmul, erms, 3dnowpref, lzcnt, ht, tsc, tscinvbit, bmi1, bmi2, adx, fma

Memory: 4k page, physical 8236420k(2167648k free), swap 18653624k(6012124k free)

vm_info: Java HotSpot(TM) 64-Bit Server VM (9.0.1+11) for windows-amd64 JRE (9.0.1+11), built on Sep 28 2017 04:54:03 by "mach5one" with MS VC++ 12.0 (VS2013)

END.
